2011-12-10 22:54:11 Error: [MissingControllerException] Controller class JsController could not be found.
#0 /Users/Peter/dev/wittinginnovation.com/Sites/BCS-Scheduler/app/webroot/index.php(96): Dispatcher->dispatch(Object(CakeRequest), Object(CakeResponse))
#1 {main}
2011-12-10 22:54:11 Error: [MissingControllerException] Controller class JsController could not be found.
#0 /Users/Peter/dev/wittinginnovation.com/Sites/BCS-Scheduler/app/webroot/index.php(96): Dispatcher->dispatch(Object(CakeRequest), Object(CakeResponse))
#1 {main}
2011-12-10 22:54:11 Error: [MissingControllerException] Controller class CssController could not be found.
#0 /Users/Peter/dev/wittinginnovation.com/Sites/BCS-Scheduler/app/webroot/index.php(96): Dispatcher->dispatch(Object(CakeRequest), Object(CakeResponse))
#1 {main}
2011-12-10 22:54:11 Error: [MissingControllerException] Controller class JsController could not be found.
#0 /Users/Peter/dev/wittinginnovation.com/Sites/BCS-Scheduler/app/webroot/index.php(96): Dispatcher->dispatch(Object(CakeRequest), Object(CakeResponse))
#1 {main}
2011-12-10 22:54:11 Error: [MissingControllerException] Controller class ImgController could not be found.
#0 /Users/Peter/dev/wittinginnovation.com/Sites/BCS-Scheduler/app/webroot/index.php(96): Dispatcher->dispatch(Object(CakeRequest), Object(CakeResponse))
#1 {main}
2011-12-10 22:55:04 Error: [MissingControllerException] Controller class JsController could not be found.
#0 /Users/Peter/dev/wittinginnovation.com/Sites/BCS-Scheduler/app/webroot/index.php(96): Dispatcher->dispatch(Object(CakeRequest), Object(CakeResponse))
#1 {main}
2011-12-10 22:55:04 Error: [MissingControllerException] Controller class JsController could not be found.
#0 /Users/Peter/dev/wittinginnovation.com/Sites/BCS-Scheduler/app/webroot/index.php(96): Dispatcher->dispatch(Object(CakeRequest), Object(CakeResponse))
#1 {main}
2011-12-10 22:55:04 Error: [MissingControllerException] Controller class JsController could not be found.
#0 /Users/Peter/dev/wittinginnovation.com/Sites/BCS-Scheduler/app/webroot/index.php(96): Dispatcher->dispatch(Object(CakeRequest), Object(CakeResponse))
#1 {main}
2011-12-10 22:55:04 Error: [MissingControllerException] Controller class ImgController could not be found.
#0 /Users/Peter/dev/wittinginnovation.com/Sites/BCS-Scheduler/app/webroot/index.php(96): Dispatcher->dispatch(Object(CakeRequest), Object(CakeResponse))
#1 {main}
2011-12-10 22:55:04 Error: [MissingControllerException] Controller class ImgController could not be found.
#0 /Users/Peter/dev/wittinginnovation.com/Sites/BCS-Scheduler/app/webroot/index.php(96): Dispatcher->dispatch(Object(CakeRequest), Object(CakeResponse))
#1 {main}
2011-12-10 22:55:04 Error: [MissingControllerException] Controller class ImgController could not be found.
#0 /Users/Peter/dev/wittinginnovation.com/Sites/BCS-Scheduler/app/webroot/index.php(96): Dispatcher->dispatch(Object(CakeRequest), Object(CakeResponse))
#1 {main}
2011-12-10 23:01:37 Error: [MissingControllerException] Controller class UsersController could not be found.
#0 /Users/Peter/dev/wittinginnovation.com/Sites/BCS-Scheduler/app/webroot/index.php(96): Dispatcher->dispatch(Object(CakeRequest), Object(CakeResponse))
#1 {main}
2011-12-10 23:09:51 Error: [MissingControllerException] Controller class UsersController could not be found.
#0 /Users/Peter/dev/wittinginnovation.com/Sites/BCS-Scheduler/app/webroot/index.php(96): Dispatcher->dispatch(Object(CakeRequest), Object(CakeResponse))
#1 {main}
2011-12-10 23:20:00 Error: [MissingControllerException] Controller class ImgController could not be found.
#0 /Users/Peter/dev/wittinginnovation.com/Sites/BCS-Scheduler/app/webroot/index.php(96): Dispatcher->dispatch(Object(CakeRequest), Object(CakeResponse))
#1 {main}
2011-12-10 23:20:57 Error: [MissingControllerException] Controller class ImgController could not be found.
#0 /Users/Peter/dev/wittinginnovation.com/Sites/BCS-Scheduler/app/webroot/index.php(96): Dispatcher->dispatch(Object(CakeRequest), Object(CakeResponse))
#1 {main}
2011-12-10 23:21:40 Error: [MissingControllerException] Controller class ImgController could not be found.
#0 /Users/Peter/dev/wittinginnovation.com/Sites/BCS-Scheduler/app/webroot/index.php(96): Dispatcher->dispatch(Object(CakeRequest), Object(CakeResponse))
#1 {main}
2011-12-10 23:28:06 Error: [MissingControllerException] Controller class ImgController could not be found.
#0 /Users/Peter/dev/wittinginnovation.com/Sites/BCS-Scheduler/app/webroot/index.php(96): Dispatcher->dispatch(Object(CakeRequest), Object(CakeResponse))
#1 {main}
2011-12-10 23:28:56 Error: [MissingControllerException] Controller class ImgController could not be found.
#0 /Users/Peter/dev/wittinginnovation.com/Sites/BCS-Scheduler/app/webroot/index.php(96): Dispatcher->dispatch(Object(CakeRequest), Object(CakeResponse))
#1 {main}
2011-12-10 23:31:21 Error: [MissingControllerException] Controller class ImgController could not be found.
#0 /Users/Peter/dev/wittinginnovation.com/Sites/BCS-Scheduler/app/webroot/index.php(96): Dispatcher->dispatch(Object(CakeRequest), Object(CakeResponse))
#1 {main}
2011-12-10 23:31:27 Error: [MissingControllerException] Controller class ImgController could not be found.
#0 /Users/Peter/dev/wittinginnovation.com/Sites/BCS-Scheduler/app/webroot/index.php(96): Dispatcher->dispatch(Object(CakeRequest), Object(CakeResponse))
#1 {main}
2011-12-10 23:36:04 Error: [MissingControllerException] Controller class ImgController could not be found.
#0 /Users/Peter/dev/wittinginnovation.com/Sites/BCS-Scheduler/app/webroot/index.php(96): Dispatcher->dispatch(Object(CakeRequest), Object(CakeResponse))
#1 {main}
2011-12-10 23:36:12 Error: [MissingControllerException] Controller class ImgController could not be found.
#0 /Users/Peter/dev/wittinginnovation.com/Sites/BCS-Scheduler/app/webroot/index.php(96): Dispatcher->dispatch(Object(CakeRequest), Object(CakeResponse))
#1 {main}
2011-12-10 23:36:18 Error: [MissingControllerException] Controller class ImgController could not be found.
#0 /Users/Peter/dev/wittinginnovation.com/Sites/BCS-Scheduler/app/webroot/index.php(96): Dispatcher->dispatch(Object(CakeRequest), Object(CakeResponse))
#1 {main}
2011-12-10 23:42:36 Error: [MissingControllerException] Controller class ImgController could not be found.
#0 /Users/Peter/dev/wittinginnovation.com/Sites/BCS-Scheduler/app/webroot/index.php(96): Dispatcher->dispatch(Object(CakeRequest), Object(CakeResponse))
#1 {main}
2011-12-10 23:42:40 Error: [MissingControllerException] Controller class ImgController could not be found.
#0 /Users/Peter/dev/wittinginnovation.com/Sites/BCS-Scheduler/app/webroot/index.php(96): Dispatcher->dispatch(Object(CakeRequest), Object(CakeResponse))
#1 {main}
2011-12-10 23:43:05 Error: [MissingControllerException] Controller class ImgController could not be found.
#0 /Users/Peter/dev/wittinginnovation.com/Sites/BCS-Scheduler/app/webroot/index.php(96): Dispatcher->dispatch(Object(CakeRequest), Object(CakeResponse))
#1 {main}
2011-12-10 23:43:09 Error: [MissingControllerException] Controller class ImgController could not be found.
#0 /Users/Peter/dev/wittinginnovation.com/Sites/BCS-Scheduler/app/webroot/index.php(96): Dispatcher->dispatch(Object(CakeRequest), Object(CakeResponse))
#1 {main}
2011-12-10 23:44:32 Error: [MissingControllerException] Controller class ImgController could not be found.
#0 /Users/Peter/dev/wittinginnovation.com/Sites/BCS-Scheduler/app/webroot/index.php(96): Dispatcher->dispatch(Object(CakeRequest), Object(CakeResponse))
#1 {main}
2011-12-10 23:45:00 Error: [MissingControllerException] Controller class ImgController could not be found.
#0 /Users/Peter/dev/wittinginnovation.com/Sites/BCS-Scheduler/app/webroot/index.php(96): Dispatcher->dispatch(Object(CakeRequest), Object(CakeResponse))
#1 {main}
2011-12-10 23:45:50 Error: [MissingControllerException] Controller class ImgController could not be found.
#0 /Users/Peter/dev/wittinginnovation.com/Sites/BCS-Scheduler/app/webroot/index.php(96): Dispatcher->dispatch(Object(CakeRequest), Object(CakeResponse))
#1 {main}
2011-12-10 23:57:04 Error: [MissingControllerException] Controller class ImgController could not be found.
#0 /Users/Peter/dev/wittinginnovation.com/Sites/BCS-Scheduler/app/webroot/index.php(96): Dispatcher->dispatch(Object(CakeRequest), Object(CakeResponse))
#1 {main}
2011-12-10 23:57:20 Error: [MissingControllerException] Controller class ImgController could not be found.
#0 /Users/Peter/dev/wittinginnovation.com/Sites/BCS-Scheduler/app/webroot/index.php(96): Dispatcher->dispatch(Object(CakeRequest), Object(CakeResponse))
#1 {main}
2011-12-10 23:59:40 Error: [MissingControllerException] Controller class ImgController could not be found.
#0 /Users/Peter/dev/wittinginnovation.com/Sites/BCS-Scheduler/app/webroot/index.php(96): Dispatcher->dispatch(Object(CakeRequest), Object(CakeResponse))
#1 {main}
2011-12-11 00:00:56 Error: [MissingControllerException] Controller class ImgController could not be found.
#0 /Users/Peter/dev/wittinginnovation.com/Sites/BCS-Scheduler/app/webroot/index.php(96): Dispatcher->dispatch(Object(CakeRequest), Object(CakeResponse))
#1 {main}
2011-12-11 00:10:44 Error: [MissingControllerException] Controller class ImgController could not be found.
#0 /Users/Peter/dev/wittinginnovation.com/Sites/BCS-Scheduler/app/webroot/index.php(96): Dispatcher->dispatch(Object(CakeRequest), Object(CakeResponse))
#1 {main}
2011-12-11 00:13:23 Error: [MissingControllerException] Controller class ImgController could not be found.
#0 /Users/Peter/dev/wittinginnovation.com/Sites/BCS-Scheduler/app/webroot/index.php(96): Dispatcher->dispatch(Object(CakeRequest), Object(CakeResponse))
#1 {main}
2011-12-11 00:13:28 Error: [MissingControllerException] Controller class ImgController could not be found.
#0 /Users/Peter/dev/wittinginnovation.com/Sites/BCS-Scheduler/app/webroot/index.php(96): Dispatcher->dispatch(Object(CakeRequest), Object(CakeResponse))
#1 {main}
2011-12-11 00:13:31 Error: [MissingControllerException] Controller class ImgController could not be found.
#0 /Users/Peter/dev/wittinginnovation.com/Sites/BCS-Scheduler/app/webroot/index.php(96): Dispatcher->dispatch(Object(CakeRequest), Object(CakeResponse))
#1 {main}
2011-12-11 00:13:32 Error: [MissingControllerException] Controller class ImgController could not be found.
#0 /Users/Peter/dev/wittinginnovation.com/Sites/BCS-Scheduler/app/webroot/index.php(96): Dispatcher->dispatch(Object(CakeRequest), Object(CakeResponse))
#1 {main}
2011-12-11 00:13:32 Error: [MissingControllerException] Controller class ImgController could not be found.
#0 /Users/Peter/dev/wittinginnovation.com/Sites/BCS-Scheduler/app/webroot/index.php(96): Dispatcher->dispatch(Object(CakeRequest), Object(CakeResponse))
#1 {main}
2011-12-11 00:13:33 Error: [MissingControllerException] Controller class ImgController could not be found.
#0 /Users/Peter/dev/wittinginnovation.com/Sites/BCS-Scheduler/app/webroot/index.php(96): Dispatcher->dispatch(Object(CakeRequest), Object(CakeResponse))
#1 {main}
2011-12-11 00:13:34 Error: [MissingControllerException] Controller class ImgController could not be found.
#0 /Users/Peter/dev/wittinginnovation.com/Sites/BCS-Scheduler/app/webroot/index.php(96): Dispatcher->dispatch(Object(CakeRequest), Object(CakeResponse))
#1 {main}
2011-12-11 00:13:34 Error: [MissingControllerException] Controller class ImgController could not be found.
#0 /Users/Peter/dev/wittinginnovation.com/Sites/BCS-Scheduler/app/webroot/index.php(96): Dispatcher->dispatch(Object(CakeRequest), Object(CakeResponse))
#1 {main}
2011-12-11 00:13:35 Error: [MissingControllerException] Controller class ImgController could not be found.
#0 /Users/Peter/dev/wittinginnovation.com/Sites/BCS-Scheduler/app/webroot/index.php(96): Dispatcher->dispatch(Object(CakeRequest), Object(CakeResponse))
#1 {main}
2011-12-11 00:13:36 Error: [MissingControllerException] Controller class ImgController could not be found.
#0 /Users/Peter/dev/wittinginnovation.com/Sites/BCS-Scheduler/app/webroot/index.php(96): Dispatcher->dispatch(Object(CakeRequest), Object(CakeResponse))
#1 {main}
2011-12-11 00:13:37 Error: [MissingControllerException] Controller class ImgController could not be found.
#0 /Users/Peter/dev/wittinginnovation.com/Sites/BCS-Scheduler/app/webroot/index.php(96): Dispatcher->dispatch(Object(CakeRequest), Object(CakeResponse))
#1 {main}
2011-12-11 00:13:38 Error: [MissingControllerException] Controller class ImgController could not be found.
#0 /Users/Peter/dev/wittinginnovation.com/Sites/BCS-Scheduler/app/webroot/index.php(96): Dispatcher->dispatch(Object(CakeRequest), Object(CakeResponse))
#1 {main}
2011-12-11 00:13:57 Error: [MissingControllerException] Controller class ImgController could not be found.
#0 /Users/Peter/dev/wittinginnovation.com/Sites/BCS-Scheduler/app/webroot/index.php(96): Dispatcher->dispatch(Object(CakeRequest), Object(CakeResponse))
#1 {main}
2011-12-11 00:14:02 Error: [MissingControllerException] Controller class ImgController could not be found.
#0 /Users/Peter/dev/wittinginnovation.com/Sites/BCS-Scheduler/app/webroot/index.php(96): Dispatcher->dispatch(Object(CakeRequest), Object(CakeResponse))
#1 {main}
2011-12-11 00:14:10 Error: [MissingControllerException] Controller class ImgController could not be found.
#0 /Users/Peter/dev/wittinginnovation.com/Sites/BCS-Scheduler/app/webroot/index.php(96): Dispatcher->dispatch(Object(CakeRequest), Object(CakeResponse))
#1 {main}
2011-12-11 00:14:18 Error: [MissingControllerException] Controller class ImgController could not be found.
#0 /Users/Peter/dev/wittinginnovation.com/Sites/BCS-Scheduler/app/webroot/index.php(96): Dispatcher->dispatch(Object(CakeRequest), Object(CakeResponse))
#1 {main}
2011-12-11 00:14:29 Error: [MissingControllerException] Controller class ImgController could not be found.
#0 /Users/Peter/dev/wittinginnovation.com/Sites/BCS-Scheduler/app/webroot/index.php(96): Dispatcher->dispatch(Object(CakeRequest), Object(CakeResponse))
#1 {main}
2011-12-11 00:14:34 Error: [MissingControllerException] Controller class ImgController could not be found.
#0 /Users/Peter/dev/wittinginnovation.com/Sites/BCS-Scheduler/app/webroot/index.php(96): Dispatcher->dispatch(Object(CakeRequest), Object(CakeResponse))
#1 {main}
2011-12-11 00:14:43 Error: [MissingControllerException] Controller class ImgController could not be found.
#0 /Users/Peter/dev/wittinginnovation.com/Sites/BCS-Scheduler/app/webroot/index.php(96): Dispatcher->dispatch(Object(CakeRequest), Object(CakeResponse))
#1 {main}
2011-12-11 00:14:58 Error: [MissingControllerException] Controller class ImgController could not be found.
#0 /Users/Peter/dev/wittinginnovation.com/Sites/BCS-Scheduler/app/webroot/index.php(96): Dispatcher->dispatch(Object(CakeRequest), Object(CakeResponse))
#1 {main}
2011-12-11 00:15:06 Error: [MissingControllerException] Controller class ImgController could not be found.
#0 /Users/Peter/dev/wittinginnovation.com/Sites/BCS-Scheduler/app/webroot/index.php(96): Dispatcher->dispatch(Object(CakeRequest), Object(CakeResponse))
#1 {main}
2011-12-11 00:15:12 Error: [MissingControllerException] Controller class ImgController could not be found.
#0 /Users/Peter/dev/wittinginnovation.com/Sites/BCS-Scheduler/app/webroot/index.php(96): Dispatcher->dispatch(Object(CakeRequest), Object(CakeResponse))
#1 {main}
2011-12-11 00:16:09 Error: [MissingControllerException] Controller class ImgController could not be found.
#0 /Users/Peter/dev/wittinginnovation.com/Sites/BCS-Scheduler/app/webroot/index.php(96): Dispatcher->dispatch(Object(CakeRequest), Object(CakeResponse))
#1 {main}
2011-12-11 00:16:17 Error: [MissingControllerException] Controller class ImgController could not be found.
#0 /Users/Peter/dev/wittinginnovation.com/Sites/BCS-Scheduler/app/webroot/index.php(96): Dispatcher->dispatch(Object(CakeRequest), Object(CakeResponse))
#1 {main}
2011-12-11 00:17:02 Error: [MissingControllerException] Controller class ImgController could not be found.
#0 /Users/Peter/dev/wittinginnovation.com/Sites/BCS-Scheduler/app/webroot/index.php(96): Dispatcher->dispatch(Object(CakeRequest), Object(CakeResponse))
#1 {main}
2011-12-11 00:18:22 Error: [MissingControllerException] Controller class ImgController could not be found.
#0 /Users/Peter/dev/wittinginnovation.com/Sites/BCS-Scheduler/app/webroot/index.php(96): Dispatcher->dispatch(Object(CakeRequest), Object(CakeResponse))
#1 {main}
2011-12-11 00:18:55 Error: [MissingControllerException] Controller class ImgController could not be found.
#0 /Users/Peter/dev/wittinginnovation.com/Sites/BCS-Scheduler/app/webroot/index.php(96): Dispatcher->dispatch(Object(CakeRequest), Object(CakeResponse))
#1 {main}
2011-12-11 00:31:39 Error: [MissingControllerException] Controller class ImgController could not be found.
#0 /Users/Peter/dev/wittinginnovation.com/Sites/BCS-Scheduler/app/webroot/index.php(96): Dispatcher->dispatch(Object(CakeRequest), Object(CakeResponse))
#1 {main}
2011-12-11 00:34:38 Error: [MissingControllerException] Controller class ImgController could not be found.
#0 /Users/Peter/dev/wittinginnovation.com/Sites/BCS-Scheduler/app/webroot/index.php(96): Dispatcher->dispatch(Object(CakeRequest), Object(CakeResponse))
#1 {main}
2011-12-11 00:35:45 Error: [MissingControllerException] Controller class ImgController could not be found.
#0 /Users/Peter/dev/wittinginnovation.com/Sites/BCS-Scheduler/app/webroot/index.php(96): Dispatcher->dispatch(Object(CakeRequest), Object(CakeResponse))
#1 {main}
2011-12-11 00:36:05 Error: [MissingControllerException] Controller class ImgController could not be found.
#0 /Users/Peter/dev/wittinginnovation.com/Sites/BCS-Scheduler/app/webroot/index.php(96): Dispatcher->dispatch(Object(CakeRequest), Object(CakeResponse))
#1 {main}
2011-12-11 00:39:31 Error: [MissingControllerException] Controller class ImgController could not be found.
#0 /Users/Peter/dev/wittinginnovation.com/Sites/BCS-Scheduler/app/webroot/index.php(96): Dispatcher->dispatch(Object(CakeRequest), Object(CakeResponse))
#1 {main}
2011-12-11 00:46:04 Error: [MissingControllerException] Controller class ImgController could not be found.
#0 /Users/Peter/dev/wittinginnovation.com/Sites/BCS-Scheduler/app/webroot/index.php(96): Dispatcher->dispatch(Object(CakeRequest), Object(CakeResponse))
#1 {main}
2011-12-11 00:46:23 Error: [MissingControllerException] Controller class ImgController could not be found.
#0 /Users/Peter/dev/wittinginnovation.com/Sites/BCS-Scheduler/app/webroot/index.php(96): Dispatcher->dispatch(Object(CakeRequest), Object(CakeResponse))
#1 {main}
2011-12-11 00:47:57 Error: [MissingControllerException] Controller class ImgController could not be found.
#0 /Users/Peter/dev/wittinginnovation.com/Sites/BCS-Scheduler/app/webroot/index.php(96): Dispatcher->dispatch(Object(CakeRequest), Object(CakeResponse))
#1 {main}
2011-12-11 00:50:41 Error: [MissingControllerException] Controller class ImgController could not be found.
#0 /Users/Peter/dev/wittinginnovation.com/Sites/BCS-Scheduler/app/webroot/index.php(96): Dispatcher->dispatch(Object(CakeRequest), Object(CakeResponse))
#1 {main}
2011-12-11 00:52:19 Error: [MissingControllerException] Controller class ImgController could not be found.
#0 /Users/Peter/dev/wittinginnovation.com/Sites/BCS-Scheduler/app/webroot/index.php(96): Dispatcher->dispatch(Object(CakeRequest), Object(CakeResponse))
#1 {main}
2011-12-11 00:56:20 Error: [MissingControllerException] Controller class ImgController could not be found.
#0 /Users/Peter/dev/wittinginnovation.com/Sites/BCS-Scheduler/app/webroot/index.php(96): Dispatcher->dispatch(Object(CakeRequest), Object(CakeResponse))
#1 {main}
2011-12-11 00:56:34 Error: [MissingControllerException] Controller class ImgController could not be found.
#0 /Users/Peter/dev/wittinginnovation.com/Sites/BCS-Scheduler/app/webroot/index.php(96): Dispatcher->dispatch(Object(CakeRequest), Object(CakeResponse))
#1 {main}
2011-12-11 00:58:18 Error: [MissingControllerException] Controller class ImgController could not be found.
#0 /Users/Peter/dev/wittinginnovation.com/Sites/BCS-Scheduler/app/webroot/index.php(96): Dispatcher->dispatch(Object(CakeRequest), Object(CakeResponse))
#1 {main}
2011-12-11 00:58:37 Error: [MissingControllerException] Controller class ImgController could not be found.
#0 /Users/Peter/dev/wittinginnovation.com/Sites/BCS-Scheduler/app/webroot/index.php(96): Dispatcher->dispatch(Object(CakeRequest), Object(CakeResponse))
#1 {main}
2011-12-11 00:59:07 Error: [MissingControllerException] Controller class ImgController could not be found.
#0 /Users/Peter/dev/wittinginnovation.com/Sites/BCS-Scheduler/app/webroot/index.php(96): Dispatcher->dispatch(Object(CakeRequest), Object(CakeResponse))
#1 {main}
2011-12-11 00:59:12 Error: [MissingControllerException] Controller class ImgController could not be found.
#0 /Users/Peter/dev/wittinginnovation.com/Sites/BCS-Scheduler/app/webroot/index.php(96): Dispatcher->dispatch(Object(CakeRequest), Object(CakeResponse))
#1 {main}
2011-12-11 01:00:15 Error: [MissingControllerException] Controller class ImgController could not be found.
#0 /Users/Peter/dev/wittinginnovation.com/Sites/BCS-Scheduler/app/webroot/index.php(96): Dispatcher->dispatch(Object(CakeRequest), Object(CakeResponse))
#1 {main}
2011-12-11 01:02:05 Error: [MissingControllerException] Controller class ImgController could not be found.
#0 /Users/Peter/dev/wittinginnovation.com/Sites/BCS-Scheduler/app/webroot/index.php(96): Dispatcher->dispatch(Object(CakeRequest), Object(CakeResponse))
#1 {main}
2011-12-11 01:02:09 Error: [MissingControllerException] Controller class ImgController could not be found.
#0 /Users/Peter/dev/wittinginnovation.com/Sites/BCS-Scheduler/app/webroot/index.php(96): Dispatcher->dispatch(Object(CakeRequest), Object(CakeResponse))
#1 {main}
2011-12-11 01:02:12 Error: [MissingControllerException] Controller class ImgController could not be found.
#0 /Users/Peter/dev/wittinginnovation.com/Sites/BCS-Scheduler/app/webroot/index.php(96): Dispatcher->dispatch(Object(CakeRequest), Object(CakeResponse))
#1 {main}
2011-12-11 01:04:03 Error: [MissingControllerException] Controller class ImgController could not be found.
#0 /Users/Peter/dev/wittinginnovation.com/Sites/BCS-Scheduler/app/webroot/index.php(96): Dispatcher->dispatch(Object(CakeRequest), Object(CakeResponse))
#1 {main}
2011-12-11 01:05:05 Error: [MissingControllerException] Controller class ImgController could not be found.
#0 /Users/Peter/dev/wittinginnovation.com/Sites/BCS-Scheduler/app/webroot/index.php(96): Dispatcher->dispatch(Object(CakeRequest), Object(CakeResponse))
#1 {main}
2011-12-11 01:06:02 Error: [MissingControllerException] Controller class ImgController could not be found.
#0 /Users/Peter/dev/wittinginnovation.com/Sites/BCS-Scheduler/app/webroot/index.php(96): Dispatcher->dispatch(Object(CakeRequest), Object(CakeResponse))
#1 {main}
2011-12-11 08:29:01 Error: [MissingControllerException] Controller class UserController could not be found.
#0 /Users/Peter/dev/wittinginnovation.com/Sites/BCS-Scheduler/app/webroot/index.php(96): Dispatcher->dispatch(Object(CakeRequest), Object(CakeResponse))
#1 {main}
2011-12-11 08:29:05 Error: [MissingControllerException] Controller class UserController could not be found.
#0 /Users/Peter/dev/wittinginnovation.com/Sites/BCS-Scheduler/app/webroot/index.php(96): Dispatcher->dispatch(Object(CakeRequest), Object(CakeResponse))
#1 {main}
2011-12-12 22:22:00 Error: [PDOException] SQLSTATE[23000]: Integrity constraint violation: 1452 Cannot add or update a child row: a foreign key constraint fails (`scheduler`.`users`, CONSTRAINT `fk_users_offices1` FOREIGN KEY (`office_id`) REFERENCES `offices` (`id`) ON DELETE NO ACTION ON UPDATE NO ACTION)
#0 /Users/Peter/dev/wittinginnovation.com/Sites/BCS-Scheduler/lib/Cake/Model/Datasource/DboSource.php(436): PDOStatement->execute(Array)
#1 /Users/Peter/dev/wittinginnovation.com/Sites/BCS-Scheduler/lib/Cake/Model/Datasource/DboSource.php(403): DboSource->_execute('INSERT INTO `us...', Array)
#2 /Users/Peter/dev/wittinginnovation.com/Sites/BCS-Scheduler/lib/Cake/Model/Datasource/DboSource.php(967): DboSource->execute('INSERT INTO `us...')
#3 /Users/Peter/dev/wittinginnovation.com/Sites/BCS-Scheduler/lib/Cake/Model/Model.php(1629): DboSource->create(Object(User), Array, Array)
#4 /Users/Peter/dev/wittinginnovation.com/Sites/BCS-Scheduler/app/Controller/UsersController.php(34): Model->save(Array)
#5 [internal function]: UsersController->edit()
#6 /Users/Peter/dev/wittinginnovation.com/Sites/BCS-Scheduler/lib/Cake/Controller/Controller.php(473): ReflectionMethod->invokeArgs(Object(UsersController), Array)
#7 /Users/Peter/dev/wittinginnovation.com/Sites/BCS-Scheduler/lib/Cake/Routing/Dispatcher.php(107): Controller->invokeAction(Object(CakeRequest))
#8 /Users/Peter/dev/wittinginnovation.com/Sites/BCS-Scheduler/lib/Cake/Routing/Dispatcher.php(89): Dispatcher->_invoke(Object(UsersController), Object(CakeRequest), Object(CakeResponse))
#9 /Users/Peter/dev/wittinginnovation.com/Sites/BCS-Scheduler/app/webroot/index.php(96): Dispatcher->dispatch(Object(CakeRequest), Object(CakeResponse))
#10 {main}
2011-12-12 22:23:09 Error: [PDOException] SQLSTATE[23000]: Integrity constraint violation: 1452 Cannot add or update a child row: a foreign key constraint fails (`scheduler`.`users`, CONSTRAINT `fk_users_offices1` FOREIGN KEY (`office_id`) REFERENCES `offices` (`id`) ON DELETE NO ACTION ON UPDATE NO ACTION)
#0 /Users/Peter/dev/wittinginnovation.com/Sites/BCS-Scheduler/lib/Cake/Model/Datasource/DboSource.php(436): PDOStatement->execute(Array)
#1 /Users/Peter/dev/wittinginnovation.com/Sites/BCS-Scheduler/lib/Cake/Model/Datasource/DboSource.php(403): DboSource->_execute('INSERT INTO `us...', Array)
#2 /Users/Peter/dev/wittinginnovation.com/Sites/BCS-Scheduler/lib/Cake/Model/Datasource/DboSource.php(967): DboSource->execute('INSERT INTO `us...')
#3 /Users/Peter/dev/wittinginnovation.com/Sites/BCS-Scheduler/lib/Cake/Model/Model.php(1629): DboSource->create(Object(User), Array, Array)
#4 /Users/Peter/dev/wittinginnovation.com/Sites/BCS-Scheduler/app/Controller/UsersController.php(34): Model->save(Array)
#5 [internal function]: UsersController->edit()
#6 /Users/Peter/dev/wittinginnovation.com/Sites/BCS-Scheduler/lib/Cake/Controller/Controller.php(473): ReflectionMethod->invokeArgs(Object(UsersController), Array)
#7 /Users/Peter/dev/wittinginnovation.com/Sites/BCS-Scheduler/lib/Cake/Routing/Dispatcher.php(107): Controller->invokeAction(Object(CakeRequest))
#8 /Users/Peter/dev/wittinginnovation.com/Sites/BCS-Scheduler/lib/Cake/Routing/Dispatcher.php(89): Dispatcher->_invoke(Object(UsersController), Object(CakeRequest), Object(CakeResponse))
#9 /Users/Peter/dev/wittinginnovation.com/Sites/BCS-Scheduler/app/webroot/index.php(96): Dispatcher->dispatch(Object(CakeRequest), Object(CakeResponse))
#10 {main}
2011-12-12 22:24:02 Error: [MissingActionException] Action PatientsController::view() could not be found.
#0 /Users/Peter/dev/wittinginnovation.com/Sites/BCS-Scheduler/lib/Cake/Routing/Dispatcher.php(107): Controller->invokeAction(Object(CakeRequest))
#1 /Users/Peter/dev/wittinginnovation.com/Sites/BCS-Scheduler/lib/Cake/Routing/Dispatcher.php(89): Dispatcher->_invoke(Object(PatientsController), Object(CakeRequest), Object(CakeResponse))
#2 /Users/Peter/dev/wittinginnovation.com/Sites/BCS-Scheduler/app/webroot/index.php(96): Dispatcher->dispatch(Object(CakeRequest), Object(CakeResponse))
#3 {main}
2011-12-12 22:24:10 Error: [PDOException] SQLSTATE[23000]: Integrity constraint violation: 1452 Cannot add or update a child row: a foreign key constraint fails (`scheduler`.`users`, CONSTRAINT `fk_users_offices1` FOREIGN KEY (`office_id`) REFERENCES `offices` (`id`) ON DELETE NO ACTION ON UPDATE NO ACTION)
#0 /Users/Peter/dev/wittinginnovation.com/Sites/BCS-Scheduler/lib/Cake/Model/Datasource/DboSource.php(436): PDOStatement->execute(Array)
#1 /Users/Peter/dev/wittinginnovation.com/Sites/BCS-Scheduler/lib/Cake/Model/Datasource/DboSource.php(403): DboSource->_execute('INSERT INTO `us...', Array)
#2 /Users/Peter/dev/wittinginnovation.com/Sites/BCS-Scheduler/lib/Cake/Model/Datasource/DboSource.php(967): DboSource->execute('INSERT INTO `us...')
#3 /Users/Peter/dev/wittinginnovation.com/Sites/BCS-Scheduler/lib/Cake/Model/Model.php(1629): DboSource->create(Object(User), Array, Array)
#4 /Users/Peter/dev/wittinginnovation.com/Sites/BCS-Scheduler/app/Controller/UsersController.php(34): Model->save(Array)
#5 [internal function]: UsersController->edit()
#6 /Users/Peter/dev/wittinginnovation.com/Sites/BCS-Scheduler/lib/Cake/Controller/Controller.php(473): ReflectionMethod->invokeArgs(Object(UsersController), Array)
#7 /Users/Peter/dev/wittinginnovation.com/Sites/BCS-Scheduler/lib/Cake/Routing/Dispatcher.php(107): Controller->invokeAction(Object(CakeRequest))
#8 /Users/Peter/dev/wittinginnovation.com/Sites/BCS-Scheduler/lib/Cake/Routing/Dispatcher.php(89): Dispatcher->_invoke(Object(UsersController), Object(CakeRequest), Object(CakeResponse))
#9 /Users/Peter/dev/wittinginnovation.com/Sites/BCS-Scheduler/app/webroot/index.php(96): Dispatcher->dispatch(Object(CakeRequest), Object(CakeResponse))
#10 {main}
2011-12-12 22:37:51 Error: [MissingControllerException] Controller class ImgController could not be found.
#0 /Users/Peter/dev/wittinginnovation.com/Sites/BCS-Scheduler/app/webroot/index.php(96): Dispatcher->dispatch(Object(CakeRequest), Object(CakeResponse))
#1 {main}
2011-12-12 22:37:57 Error: [MissingControllerException] Controller class ImgController could not be found.
#0 /Users/Peter/dev/wittinginnovation.com/Sites/BCS-Scheduler/app/webroot/index.php(96): Dispatcher->dispatch(Object(CakeRequest), Object(CakeResponse))
#1 {main}
2011-12-12 22:38:47 Error: [MissingControllerException] Controller class ImgController could not be found.
#0 /Users/Peter/dev/wittinginnovation.com/Sites/BCS-Scheduler/app/webroot/index.php(96): Dispatcher->dispatch(Object(CakeRequest), Object(CakeResponse))
#1 {main}
2011-12-12 22:52:19 Error: [MissingControllerException] Controller class ImgController could not be found.
#0 /Users/Peter/dev/wittinginnovation.com/Sites/BCS-Scheduler/app/webroot/index.php(96): Dispatcher->dispatch(Object(CakeRequest), Object(CakeResponse))
#1 {main}
2011-12-12 23:06:08 Error: [MissingControllerException] Controller class ImgController could not be found.
#0 /Users/Peter/dev/wittinginnovation.com/Sites/BCS-Scheduler/app/webroot/index.php(96): Dispatcher->dispatch(Object(CakeRequest), Object(CakeResponse))
#1 {main}
2011-12-13 22:53:52 Error: [MissingViewException] View file "/Users/Peter/dev/wittinginnovation.com/Sites/BCS-Scheduler/app/View/Admin/index.html" is missing.
#0 /Users/Peter/dev/wittinginnovation.com/Sites/BCS-Scheduler/lib/Cake/View/View.php(363): View->_getViewFileName(NULL)
#1 /Users/Peter/dev/wittinginnovation.com/Sites/BCS-Scheduler/lib/Cake/Controller/Controller.php(900): View->render(NULL, NULL)
#2 /Users/Peter/dev/wittinginnovation.com/Sites/BCS-Scheduler/lib/Cake/Routing/Dispatcher.php(114): Controller->render()
#3 /Users/Peter/dev/wittinginnovation.com/Sites/BCS-Scheduler/lib/Cake/Routing/Dispatcher.php(89): Dispatcher->_invoke(Object(AdminController), Object(CakeRequest), Object(CakeResponse))
#4 /Users/Peter/dev/wittinginnovation.com/Sites/BCS-Scheduler/app/webroot/index.php(96): Dispatcher->dispatch(Object(CakeRequest), Object(CakeResponse))
#5 {main}
2011-12-14 22:16:34 Error: [PDOException] SQLSTATE[23000]: Integrity constraint violation: 1452 Cannot add or update a child row: a foreign key constraint fails (`scheduler`.`facilities`, CONSTRAINT `fk_facilities_companies` FOREIGN KEY (`company_id`) REFERENCES `companies` (`id`) ON DELETE NO ACTION ON UPDATE NO ACTION)
#0 /Users/Peter/dev/wittinginnovation.com/Sites/BCS-Scheduler/lib/Cake/Model/Datasource/DboSource.php(436): PDOStatement->execute(Array)
#1 /Users/Peter/dev/wittinginnovation.com/Sites/BCS-Scheduler/lib/Cake/Model/Datasource/DboSource.php(403): DboSource->_execute('INSERT INTO `fa...', Array)
#2 /Users/Peter/dev/wittinginnovation.com/Sites/BCS-Scheduler/lib/Cake/Model/Datasource/DboSource.php(967): DboSource->execute('INSERT INTO `fa...')
#3 /Users/Peter/dev/wittinginnovation.com/Sites/BCS-Scheduler/lib/Cake/Model/Model.php(1629): DboSource->create(Object(Facility), Array, Array)
#4 /Users/Peter/dev/wittinginnovation.com/Sites/BCS-Scheduler/app/Controller/FacilitiesController.php(40): Model->save(Array)
#5 [internal function]: FacilitiesController->edit('0')
#6 /Users/Peter/dev/wittinginnovation.com/Sites/BCS-Scheduler/lib/Cake/Controller/Controller.php(473): ReflectionMethod->invokeArgs(Object(FacilitiesController), Array)
#7 /Users/Peter/dev/wittinginnovation.com/Sites/BCS-Scheduler/lib/Cake/Routing/Dispatcher.php(107): Controller->invokeAction(Object(CakeRequest))
#8 /Users/Peter/dev/wittinginnovation.com/Sites/BCS-Scheduler/lib/Cake/Routing/Dispatcher.php(89): Dispatcher->_invoke(Object(FacilitiesController), Object(CakeRequest), Object(CakeResponse))
#9 /Users/Peter/dev/wittinginnovation.com/Sites/BCS-Scheduler/app/webroot/index.php(96): Dispatcher->dispatch(Object(CakeRequest), Object(CakeResponse))
#10 {main}
2011-12-14 22:17:54 Error: [PDOException] SQLSTATE[23000]: Integrity constraint violation: 1048 Column 'company_id' cannot be null
#0 /Users/Peter/dev/wittinginnovation.com/Sites/BCS-Scheduler/lib/Cake/Model/Datasource/DboSource.php(436): PDOStatement->execute(Array)
#1 /Users/Peter/dev/wittinginnovation.com/Sites/BCS-Scheduler/lib/Cake/Model/Datasource/DboSource.php(403): DboSource->_execute('INSERT INTO `fa...', Array)
#2 /Users/Peter/dev/wittinginnovation.com/Sites/BCS-Scheduler/lib/Cake/Model/Datasource/DboSource.php(967): DboSource->execute('INSERT INTO `fa...')
#3 /Users/Peter/dev/wittinginnovation.com/Sites/BCS-Scheduler/lib/Cake/Model/Model.php(1629): DboSource->create(Object(Facility), Array, Array)
#4 /Users/Peter/dev/wittinginnovation.com/Sites/BCS-Scheduler/app/Controller/FacilitiesController.php(40): Model->save(Array)
#5 [internal function]: FacilitiesController->edit('0')
#6 /Users/Peter/dev/wittinginnovation.com/Sites/BCS-Scheduler/lib/Cake/Controller/Controller.php(473): ReflectionMethod->invokeArgs(Object(FacilitiesController), Array)
#7 /Users/Peter/dev/wittinginnovation.com/Sites/BCS-Scheduler/lib/Cake/Routing/Dispatcher.php(107): Controller->invokeAction(Object(CakeRequest))
#8 /Users/Peter/dev/wittinginnovation.com/Sites/BCS-Scheduler/lib/Cake/Routing/Dispatcher.php(89): Dispatcher->_invoke(Object(FacilitiesController), Object(CakeRequest), Object(CakeResponse))
#9 /Users/Peter/dev/wittinginnovation.com/Sites/BCS-Scheduler/app/webroot/index.php(96): Dispatcher->dispatch(Object(CakeRequest), Object(CakeResponse))
#10 {main}
2011-12-14 22:18:03 Error: [PDOException] SQLSTATE[23000]: Integrity constraint violation: 1048 Column 'company_id' cannot be null
#0 /Users/Peter/dev/wittinginnovation.com/Sites/BCS-Scheduler/lib/Cake/Model/Datasource/DboSource.php(436): PDOStatement->execute(Array)
#1 /Users/Peter/dev/wittinginnovation.com/Sites/BCS-Scheduler/lib/Cake/Model/Datasource/DboSource.php(403): DboSource->_execute('INSERT INTO `fa...', Array)
#2 /Users/Peter/dev/wittinginnovation.com/Sites/BCS-Scheduler/lib/Cake/Model/Datasource/DboSource.php(967): DboSource->execute('INSERT INTO `fa...')
#3 /Users/Peter/dev/wittinginnovation.com/Sites/BCS-Scheduler/lib/Cake/Model/Model.php(1629): DboSource->create(Object(Facility), Array, Array)
#4 /Users/Peter/dev/wittinginnovation.com/Sites/BCS-Scheduler/app/Controller/FacilitiesController.php(40): Model->save(Array)
#5 [internal function]: FacilitiesController->edit('0')
#6 /Users/Peter/dev/wittinginnovation.com/Sites/BCS-Scheduler/lib/Cake/Controller/Controller.php(473): ReflectionMethod->invokeArgs(Object(FacilitiesController), Array)
#7 /Users/Peter/dev/wittinginnovation.com/Sites/BCS-Scheduler/lib/Cake/Routing/Dispatcher.php(107): Controller->invokeAction(Object(CakeRequest))
#8 /Users/Peter/dev/wittinginnovation.com/Sites/BCS-Scheduler/lib/Cake/Routing/Dispatcher.php(89): Dispatcher->_invoke(Object(FacilitiesController), Object(CakeRequest), Object(CakeResponse))
#9 /Users/Peter/dev/wittinginnovation.com/Sites/BCS-Scheduler/app/webroot/index.php(96): Dispatcher->dispatch(Object(CakeRequest), Object(CakeResponse))
#10 {main}
2011-12-14 22:18:11 Error: [PDOException] SQLSTATE[23000]: Integrity constraint violation: 1048 Column 'company_id' cannot be null
#0 /Users/Peter/dev/wittinginnovation.com/Sites/BCS-Scheduler/lib/Cake/Model/Datasource/DboSource.php(436): PDOStatement->execute(Array)
#1 /Users/Peter/dev/wittinginnovation.com/Sites/BCS-Scheduler/lib/Cake/Model/Datasource/DboSource.php(403): DboSource->_execute('INSERT INTO `fa...', Array)
#2 /Users/Peter/dev/wittinginnovation.com/Sites/BCS-Scheduler/lib/Cake/Model/Datasource/DboSource.php(967): DboSource->execute('INSERT INTO `fa...')
#3 /Users/Peter/dev/wittinginnovation.com/Sites/BCS-Scheduler/lib/Cake/Model/Model.php(1629): DboSource->create(Object(Facility), Array, Array)
#4 /Users/Peter/dev/wittinginnovation.com/Sites/BCS-Scheduler/app/Controller/FacilitiesController.php(40): Model->save(Array)
#5 [internal function]: FacilitiesController->edit('0')
#6 /Users/Peter/dev/wittinginnovation.com/Sites/BCS-Scheduler/lib/Cake/Controller/Controller.php(473): ReflectionMethod->invokeArgs(Object(FacilitiesController), Array)
#7 /Users/Peter/dev/wittinginnovation.com/Sites/BCS-Scheduler/lib/Cake/Routing/Dispatcher.php(107): Controller->invokeAction(Object(CakeRequest))
#8 /Users/Peter/dev/wittinginnovation.com/Sites/BCS-Scheduler/lib/Cake/Routing/Dispatcher.php(89): Dispatcher->_invoke(Object(FacilitiesController), Object(CakeRequest), Object(CakeResponse))
#9 /Users/Peter/dev/wittinginnovation.com/Sites/BCS-Scheduler/app/webroot/index.php(96): Dispatcher->dispatch(Object(CakeRequest), Object(CakeResponse))
#10 {main}
2011-12-14 22:19:59 Error: [PDOException] SQLSTATE[23000]: Integrity constraint violation: 1452 Cannot add or update a child row: a foreign key constraint fails (`scheduler`.`facilities`, CONSTRAINT `fk_facilities_companies` FOREIGN KEY (`company_id`) REFERENCES `companies` (`id`) ON DELETE NO ACTION ON UPDATE NO ACTION)
#0 /Users/Peter/dev/wittinginnovation.com/Sites/BCS-Scheduler/lib/Cake/Model/Datasource/DboSource.php(436): PDOStatement->execute(Array)
#1 /Users/Peter/dev/wittinginnovation.com/Sites/BCS-Scheduler/lib/Cake/Model/Datasource/DboSource.php(403): DboSource->_execute('INSERT INTO `fa...', Array)
#2 /Users/Peter/dev/wittinginnovation.com/Sites/BCS-Scheduler/lib/Cake/Model/Datasource/DboSource.php(967): DboSource->execute('INSERT INTO `fa...')
#3 /Users/Peter/dev/wittinginnovation.com/Sites/BCS-Scheduler/lib/Cake/Model/Model.php(1629): DboSource->create(Object(Facility), Array, Array)
#4 /Users/Peter/dev/wittinginnovation.com/Sites/BCS-Scheduler/app/Controller/FacilitiesController.php(40): Model->save(Array)
#5 [internal function]: FacilitiesController->edit('0')
#6 /Users/Peter/dev/wittinginnovation.com/Sites/BCS-Scheduler/lib/Cake/Controller/Controller.php(473): ReflectionMethod->invokeArgs(Object(FacilitiesController), Array)
#7 /Users/Peter/dev/wittinginnovation.com/Sites/BCS-Scheduler/lib/Cake/Routing/Dispatcher.php(107): Controller->invokeAction(Object(CakeRequest))
#8 /Users/Peter/dev/wittinginnovation.com/Sites/BCS-Scheduler/lib/Cake/Routing/Dispatcher.php(89): Dispatcher->_invoke(Object(FacilitiesController), Object(CakeRequest), Object(CakeResponse))
#9 /Users/Peter/dev/wittinginnovation.com/Sites/BCS-Scheduler/app/webroot/index.php(96): Dispatcher->dispatch(Object(CakeRequest), Object(CakeResponse))
#10 {main}
2011-12-14 22:20:09 Error: [MissingControllerException] Controller class ImgController could not be found.
#0 /Users/Peter/dev/wittinginnovation.com/Sites/BCS-Scheduler/app/webroot/index.php(96): Dispatcher->dispatch(Object(CakeRequest), Object(CakeResponse))
#1 {main}
2011-12-14 22:22:08 Error: [PDOException] SQLSTATE[23000]: Integrity constraint violation: 1452 Cannot add or update a child row: a foreign key constraint fails (`scheduler`.`patients`, CONSTRAINT `fk_patients_companies1` FOREIGN KEY (`company_id`) REFERENCES `companies` (`id`) ON DELETE NO ACTION ON UPDATE NO ACTION)
#0 /Users/Peter/dev/wittinginnovation.com/Sites/BCS-Scheduler/lib/Cake/Model/Datasource/DboSource.php(436): PDOStatement->execute(Array)
#1 /Users/Peter/dev/wittinginnovation.com/Sites/BCS-Scheduler/lib/Cake/Model/Datasource/DboSource.php(403): DboSource->_execute('INSERT INTO `pa...', Array)
#2 /Users/Peter/dev/wittinginnovation.com/Sites/BCS-Scheduler/lib/Cake/Model/Datasource/DboSource.php(967): DboSource->execute('INSERT INTO `pa...')
#3 /Users/Peter/dev/wittinginnovation.com/Sites/BCS-Scheduler/lib/Cake/Model/Model.php(1629): DboSource->create(Object(Patient), Array, Array)
#4 /Users/Peter/dev/wittinginnovation.com/Sites/BCS-Scheduler/app/Controller/PatientsController.php(43): Model->save(Array)
#5 [internal function]: PatientsController->edit('0')
#6 /Users/Peter/dev/wittinginnovation.com/Sites/BCS-Scheduler/lib/Cake/Controller/Controller.php(473): ReflectionMethod->invokeArgs(Object(PatientsController), Array)
#7 /Users/Peter/dev/wittinginnovation.com/Sites/BCS-Scheduler/lib/Cake/Routing/Dispatcher.php(107): Controller->invokeAction(Object(CakeRequest))
#8 /Users/Peter/dev/wittinginnovation.com/Sites/BCS-Scheduler/lib/Cake/Routing/Dispatcher.php(89): Dispatcher->_invoke(Object(PatientsController), Object(CakeRequest), Object(CakeResponse))
#9 /Users/Peter/dev/wittinginnovation.com/Sites/BCS-Scheduler/app/webroot/index.php(96): Dispatcher->dispatch(Object(CakeRequest), Object(CakeResponse))
#10 {main}
2011-12-14 22:22:43 Error: [MissingControllerException] Controller class ImgController could not be found.
#0 /Users/Peter/dev/wittinginnovation.com/Sites/BCS-Scheduler/app/webroot/index.php(96): Dispatcher->dispatch(Object(CakeRequest), Object(CakeResponse))
#1 {main}
2011-12-14 23:44:15 Error: [MissingControllerException] Controller class ImagesController could not be found.
#0 /Users/Peter/dev/wittinginnovation.com/Sites/BCS-Scheduler/app/webroot/index.php(96): Dispatcher->dispatch(Object(CakeRequest), Object(CakeResponse))
#1 {main}
2011-12-14 23:44:15 Error: [MissingControllerException] Controller class ImagesController could not be found.
#0 /Users/Peter/dev/wittinginnovation.com/Sites/BCS-Scheduler/app/webroot/index.php(96): Dispatcher->dispatch(Object(CakeRequest), Object(CakeResponse))
#1 {main}
2011-12-14 23:44:21 Error: [MissingControllerException] Controller class ImagesController could not be found.
#0 /Users/Peter/dev/wittinginnovation.com/Sites/BCS-Scheduler/app/webroot/index.php(96): Dispatcher->dispatch(Object(CakeRequest), Object(CakeResponse))
#1 {main}
2011-12-14 23:45:05 Error: [MissingControllerException] Controller class ImagesController could not be found.
#0 /Users/Peter/dev/wittinginnovation.com/Sites/BCS-Scheduler/app/webroot/index.php(96): Dispatcher->dispatch(Object(CakeRequest), Object(CakeResponse))
#1 {main}
2011-12-14 23:45:05 Error: [MissingControllerException] Controller class ImagesController could not be found.
#0 /Users/Peter/dev/wittinginnovation.com/Sites/BCS-Scheduler/app/webroot/index.php(96): Dispatcher->dispatch(Object(CakeRequest), Object(CakeResponse))
#1 {main}
2011-12-14 23:45:10 Error: [MissingControllerException] Controller class ImagesController could not be found.
#0 /Users/Peter/dev/wittinginnovation.com/Sites/BCS-Scheduler/app/webroot/index.php(96): Dispatcher->dispatch(Object(CakeRequest), Object(CakeResponse))
#1 {main}
2011-12-14 23:52:09 Error: [PDOException] SQLSTATE[23000]: Integrity constraint violation: 1052 Column 'id' in where clause is ambiguous
#0 /Users/Peter/dev/wittinginnovation.com/Sites/BCS-Scheduler/lib/Cake/Model/Datasource/DboSource.php(436): PDOStatement->execute(Array)
#1 /Users/Peter/dev/wittinginnovation.com/Sites/BCS-Scheduler/lib/Cake/Model/Datasource/DboSource.php(403): DboSource->_execute('SELECT `Patient...', Array)
#2 /Users/Peter/dev/wittinginnovation.com/Sites/BCS-Scheduler/lib/Cake/Model/Datasource/DboSource.php(647): DboSource->execute('SELECT `Patient...', Array, Array)
#3 /Users/Peter/dev/wittinginnovation.com/Sites/BCS-Scheduler/lib/Cake/Model/Datasource/DboSource.php(1040): DboSource->fetchAll('SELECT `Patient...', false)
#4 /Users/Peter/dev/wittinginnovation.com/Sites/BCS-Scheduler/lib/Cake/Model/Model.php(2460): DboSource->read(Object(Patient), Array)
#5 /Users/Peter/dev/wittinginnovation.com/Sites/BCS-Scheduler/app/Controller/PatientsController.php(29): Model->find('all', Array)
#6 [internal function]: PatientsController->index()
#7 /Users/Peter/dev/wittinginnovation.com/Sites/BCS-Scheduler/lib/Cake/Controller/Controller.php(473): ReflectionMethod->invokeArgs(Object(PatientsController), Array)
#8 /Users/Peter/dev/wittinginnovation.com/Sites/BCS-Scheduler/lib/Cake/Routing/Dispatcher.php(107): Controller->invokeAction(Object(CakeRequest))
#9 /Users/Peter/dev/wittinginnovation.com/Sites/BCS-Scheduler/lib/Cake/Routing/Dispatcher.php(89): Dispatcher->_invoke(Object(PatientsController), Object(CakeRequest), Object(CakeResponse))
#10 /Users/Peter/dev/wittinginnovation.com/Sites/BCS-Scheduler/app/webroot/index.php(96): Dispatcher->dispatch(Object(CakeRequest), Object(CakeResponse))
#11 {main}
